<?xml version="1.0" encoding="UTF-8"?>
<!-- Generated by org.testng.reporters.JUnitXMLReporter -->
<testsuite ignored="0" hostname="DESKTOP-4N6K1OF" failures="0" tests="2" name="TestNG parameter and parallel test" time="56.528" errors="0" timestamp="2024-09-27T10:43:37 IST">
  <testcase classname="pages.classes.TestNGParallelAndMultipleBrowser" name="closeModal" time="8.473"/>
  <testcase classname="pages.classes.TestNGParallelAndMultipleBrowser" name="checkFlight" time="33.768"/>
</testsuite> <!-- TestNG parameter and parallel test -->
