<?xml version="1.0" encoding="UTF-8"?>
<!-- Generated by org.testng.reporters.JUnitXMLReporter -->
<testsuite ignored="0" hostname="DESKTOP-4N6K1OF" failures="0" tests="2" name="TestNG parameter test" time="68.595" errors="0" timestamp="2024-09-27T11:40:07 IST">
  <testcase classname="pages.classes.TestNGParallelAndMultipleBrowser" name="closeModal" time="8.598"/>
  <testcase classname="pages.classes.TestNGParallelAndMultipleBrowser" name="checkFlight" time="36.666"/>
</testsuite> <!-- TestNG parameter test -->
