<?xml version="1.0" encoding="UTF-8"?>
<!-- Generated by org.testng.reporters.JUnitXMLReporter -->
<testsuite ignored="1" hostname="DESKTOP-4N6K1OF" failures="0" tests="1" name="TestNG parameter test" time="19.1" errors="0" timestamp="2024-09-27T10:42:41 IST">
  <testcase classname="pages.classes.TestNGParallelAndMultipleBrowser" name="closeModal" time="6.476"/>
  <testcase classname="pages.classes.TestNGParallelAndMultipleBrowser" name="checkFlight" time="0.0">
    <ignored/>
  </testcase> <!-- checkFlight -->
</testsuite> <!-- TestNG parameter test -->
