<?xml version="1.0" encoding="UTF-8"?>
<!-- Generated by org.testng.reporters.JUnitXMLReporter -->
<testsuite ignored="3" hostname="DESKTOP-4N6K1OF" failures="0" tests="1" name="cars" time="0.139" errors="0" timestamp="2024-09-25T17:58:43 IST">
  <testcase classname="pages.classes.TestNG_Grouping" name="AudiA6" time="0.023"/>
  <testcase classname="pages.classes.TestNG_Grouping" name="HondaAccord" time="0.0">
    <ignored/>
  </testcase> <!-- HondaAccord -->
  <testcase classname="pages.classes.TestNG_Grouping" name="BMW3Series" time="0.0">
    <ignored/>
  </testcase> <!-- BMW3Series -->
  <testcase classname="pages.classes.TestNG_Grouping" name="BMWx3" time="0.0">
    <ignored/>
  </testcase> <!-- BMWx3 -->
</testsuite> <!-- cars -->
