<?xml version="1.0" encoding="UTF-8"?>
<!-- Generated by org.testng.reporters.JUnitXMLReporter -->
<testsuite ignored="0" hostname="DESKTOP-4N6K1OF" failures="1" tests="2" name="iinvokemethodListener" time="0.877" errors="0" timestamp="2024-09-27T19:16:01 IST">
  <testcase classname="pages.classes.TestNG_ItestListener" name="testMethod1" time="0.18"/>
  <testcase classname="pages.classes.TestNG_ItestListener" name="testMethod2" time="0.09">
    <failure type="java.lang.AssertionError" message="expected [true] but found [false]">
      <![CDATA[java.lang.AssertionError: expected [true] but found [false]
at pages.classes.TestNG_ItestListener.testMethod2(TestNG_ItestListener.java:35)
at java.base/java.util.ArrayList.forEach(ArrayList.java:1596)
... Removed 29 stack frames]]>
    </failure>
  </testcase> <!-- testMethod2 -->
</testsuite> <!-- iinvokemethodListener -->
