<?xml version="1.0" encoding="UTF-8"?>
<!-- Generated by org.testng.reporters.JUnitXMLReporter -->
<testsuite ignored="0" hostname="DESKTOP-4N6K1OF" failures="1" tests="2" name="iinvokemethodListener1" time="0.217" errors="0" timestamp="2024-09-28T11:02:21 IST">
  <testcase classname="pages.classes.TestNG_ISuiteListener" name="testMethod1" time="0.046"/>
  <testcase classname="pages.classes.TestNG_ISuiteListener" name="testMethod2" time="0.046">
    <failure type="java.lang.AssertionError" message="expected [true] but found [false]">
      <![CDATA[java.lang.AssertionError: expected [true] but found [false]
at pages.classes.TestNG_ISuiteListener.testMethod2(TestNG_ISuiteListener.java:28)
at java.base/java.util.ArrayList.forEach(ArrayList.java:1596)
... Removed 29 stack frames]]>
    </failure>
  </testcase> <!-- testMethod2 -->
</testsuite> <!-- iinvokemethodListener1 -->
