<?xml version="1.0" encoding="UTF-8"?>
<testng-results ignored="1" total="4" passed="3" failed="0" skipped="0">
  <reporter-output>
  </reporter-output>
  <suite started-at="2024-09-27T10:42:22 IST" name="testSuite" finished-at="2024-09-27T10:43:37 IST" duration-ms="75717">
    <groups>
    </groups>
    <test started-at="2024-09-27T10:42:22 IST" name="TestNG parameter test" finished-at="2024-09-27T10:42:41 IST" duration-ms="19100">
      <class name="pages.classes.TestNGParallelAndMultipleBrowser">
        <test-method is-config="true" signature="setUp(java.lang.String)[pri:0, instance:pages.classes.TestNGParallelAndMultipleBrowser@557caf28]" started-at="2024-09-27T10:42:22 IST" name="setUp" finished-at="2024-09-27T10:42:34 IST" duration-ms="11789" status="PASS">
          <params>
            <param index="0">
              <value>
                <![CDATA[chrome]]>
              </value>
            </param>
          </params>
          <reporter-output>
          </reporter-output>
        </test-method> <!-- setUp -->
        <test-method signature="closeModal()[pri:0, instance:pages.classes.TestNGParallelAndMultipleBrowser@557caf28]" started-at="2024-09-27T10:42:34 IST" name="closeModal" finished-at="2024-09-27T10:42:40 IST" duration-ms="6476" status="PASS">
          <reporter-output>
          </reporter-output>
        </test-method> <!-- closeModal -->
        <test-method is-config="true" signature="afterMethod()[pri:0, instance:pages.classes.TestNGParallelAndMultipleBrowser@557caf28]" started-at="2024-09-27T10:42:40 IST" name="afterMethod" finished-at="2024-09-27T10:42:41 IST" duration-ms="746" status="PASS">
          <reporter-output>
          </reporter-output>
        </test-method> <!-- afterMethod -->
      </class> <!-- pages.classes.TestNGParallelAndMultipleBrowser -->
    </test> <!-- TestNG parameter test -->
    <test started-at="2024-09-27T10:42:41 IST" name="TestNG parameter and parallel test" finished-at="2024-09-27T10:43:37 IST" duration-ms="56528">
      <class name="pages.classes.TestNGParallelAndMultipleBrowser">
        <test-method is-config="true" signature="setUp(java.lang.String)[pri:0, instance:pages.classes.TestNGParallelAndMultipleBrowser@3bf7ca37]" started-at="2024-09-27T10:42:41 IST" name="setUp" finished-at="2024-09-27T10:42:54 IST" duration-ms="13474" status="PASS">
          <params>
            <param index="0">
              <value>
                <![CDATA[chrome]]>
              </value>
            </param>
          </params>
          <reporter-output>
          </reporter-output>
        </test-method> <!-- setUp -->
        <test-method signature="closeModal()[pri:0, instance:pages.classes.TestNGParallelAndMultipleBrowser@3bf7ca37]" started-at="2024-09-27T10:42:54 IST" name="closeModal" finished-at="2024-09-27T10:43:03 IST" duration-ms="8473" status="PASS">
          <reporter-output>
          </reporter-output>
        </test-method> <!-- closeModal -->
        <test-method signature="checkFlight(java.lang.String,java.lang.String,int)[pri:0, instance:pages.classes.TestNGParallelAndMultipleBrowser@3bf7ca37]" started-at="2024-09-27T10:43:03 IST" name="checkFlight" finished-at="2024-09-27T10:43:37 IST" depends-on-methods="pages.classes.TestNGParallelAndMultipleBrowser.closeModal" duration-ms="33768" status="PASS">
          <params>
            <param index="0">
              <value>
                <![CDATA[Bengaluru]]>
              </value>
            </param>
            <param index="1">
              <value>
                <![CDATA[pune]]>
              </value>
            </param>
            <param index="2">
              <value>
                <![CDATA[30]]>
              </value>
            </param>
          </params>
          <reporter-output>
          </reporter-output>
        </test-method> <!-- checkFlight -->
        <test-method is-config="true" signature="afterMethod()[pri:0, instance:pages.classes.TestNGParallelAndMultipleBrowser@3bf7ca37]" started-at="2024-09-27T10:43:37 IST" name="afterMethod" finished-at="2024-09-27T10:43:37 IST" duration-ms="727" status="PASS">
          <reporter-output>
          </reporter-output>
        </test-method> <!-- afterMethod -->
      </class> <!-- pages.classes.TestNGParallelAndMultipleBrowser -->
    </test> <!-- TestNG parameter and parallel test -->
  </suite> <!-- testSuite -->
</testng-results>
