<?xml version="1.0" encoding="UTF-8"?>
<testng-results ignored="0" total="2" passed="2" failed="0" skipped="0">
  <reporter-output>
  </reporter-output>
  <suite started-at="2024-09-26T16:46:38 IST" name="TestSuite" finished-at="2024-09-26T16:47:33 IST" duration-ms="54870">
    <groups>
    </groups>
    <test started-at="2024-09-26T16:46:38 IST" name="ExpediaSearchPage" finished-at="2024-09-26T16:47:33 IST" duration-ms="54870">
      <class name="tutorial.selenium.TestNG_TestCASe">
        <test-method is-config="true" signature="setUp()[pri:0, instance:tutorial.selenium.TestNG_TestCASe@175c2241]" started-at="2024-09-26T16:46:38 IST" name="setUp" finished-at="2024-09-26T16:46:52 IST" duration-ms="14263" status="PASS">
          <reporter-output>
          </reporter-output>
        </test-method> <!-- setUp -->
        <test-method signature="closeModal()[pri:0, instance:tutorial.selenium.TestNG_TestCASe@175c2241]" started-at="2024-09-26T16:46:52 IST" name="closeModal" finished-at="2024-09-26T16:46:57 IST" duration-ms="4872" status="PASS">
          <reporter-output>
          </reporter-output>
        </test-method> <!-- closeModal -->
        <test-method signature="checkFlight()[pri:0, instance:tutorial.selenium.TestNG_TestCASe@175c2241]" started-at="2024-09-26T16:46:57 IST" name="checkFlight" finished-at="2024-09-26T16:47:33 IST" depends-on-methods="tutorial.selenium.TestNG_TestCASe.closeModal" duration-ms="35638" status="PASS">
          <reporter-output>
          </reporter-output>
        </test-method> <!-- checkFlight -->
        <test-method is-config="true" signature="afterMethod()[pri:0, instance:tutorial.selenium.TestNG_TestCASe@175c2241]" started-at="2024-09-26T16:47:33 IST" name="afterMethod" finished-at="2024-09-26T16:47:33 IST" duration-ms="1" status="PASS">
          <reporter-output>
          </reporter-output>
        </test-method> <!-- afterMethod -->
      </class> <!-- tutorial.selenium.TestNG_TestCASe -->
    </test> <!-- ExpediaSearchPage -->
  </suite> <!-- TestSuite -->
</testng-results>
